StudySNS/app/build/intermediates/manifest_merge_blame_file/debug/manifest-merger-blame-debug-report.txt
1<?xml version="1.0" encoding="utf-8"?>
2<manifest xmlns:android="http://schemas.android.com/apk/res/android"
3    package="com.example.domain.view.home.setting"
4    android:versionCode="1"
5    android:versionName="1.0" >
6
7    <uses-sdk
8        android:minSdkVersion="30"
8-->src/main/AndroidManifest.xml
9        android:targetSdkVersion="30" />
9-->src/main/AndroidManifest.xml
10
11    <!-- Permission will be merged into the manifest of the hosting app. -->
12    <!-- Is required to launch foreground extraction service for targetSdkVersion 28+. -->
13    <uses-permission android:name="android.permission.FOREGROUND_SERVICE" />
13-->[com.google.android.play:core:1.7.2] AndroidManifest.xml:8:3-74
13-->[com.google.android.play:core:1.7.2] AndroidManifest.xml:8:20-72
14
15    <application
15-->src/main/AndroidManifest.xml:5:5-19:19
16        android:allowBackup="true"
16-->src/main/AndroidManifest.xml:6:9-35
17        android:appComponentFactory="androidx.core.app.CoreComponentFactory"
17-->[androidx.core:core:1.5.0-alpha01] AndroidManifest.xml:24:18-86
18        android:debuggable="true"
19        android:extractNativeLibs="false"
20        android:icon="@mipmap/ic_launcher"
20-->src/main/AndroidManifest.xml:7:9-43
21        android:label="@string/app_name"
21-->src/main/AndroidManifest.xml:8:9-41
22        android:roundIcon="@mipmap/ic_launcher_round"
22-->src/main/AndroidManifest.xml:9:9-54
23        android:supportsRtl="true"
23-->src/main/AndroidManifest.xml:10:9-35
24        android:testOnly="true"
25        android:theme="@style/Theme.Setting" >
25-->src/main/AndroidManifest.xml:11:9-45
26        <activity android:name="com.example.domain.view.MainActivity" >
26-->src/main/AndroidManifest.xml:12:9-18:20
26-->src/main/AndroidManifest.xml:12:19-70
27            <intent-filter>
27-->src/main/AndroidManifest.xml:13:13-17:29
28                <action android:name="android.intent.action.MAIN" />
28-->src/main/AndroidManifest.xml:14:17-69
28-->src/main/AndroidManifest.xml:14:25-66
29
30                <category android:name="android.intent.category.LAUNCHER" />
30-->src/main/AndroidManifest.xml:16:17-77
30-->src/main/AndroidManifest.xml:16:27-74
31            </intent-filter>
32        </activity>
33        <!-- The activities will be merged into the manifest of the hosting app. -->
34        <activity
34-->[com.google.android.play:core:1.7.2] AndroidManifest.xml:12:5-271
35            android:name="com.google.android.play.core.missingsplits.PlayCoreMissingSplitsActivity"
35-->[com.google.android.play:core:1.7.2] AndroidManifest.xml:12:15-102
36            android:enabled="false"
36-->[com.google.android.play:core:1.7.2] AndroidManifest.xml:12:103-126
37            android:exported="false"
37-->[com.google.android.play:core:1.7.2] AndroidManifest.xml:12:127-151
38            android:launchMode="singleInstance"
38-->[com.google.android.play:core:1.7.2] AndroidManifest.xml:12:204-239
39            android:process=":playcore_missing_splits_activity"
39-->[com.google.android.play:core:1.7.2] AndroidManifest.xml:12:152-203
40            android:stateNotNeeded="true" />
40-->[com.google.android.play:core:1.7.2] AndroidManifest.xml:12:240-269
41        <activity
41-->[com.google.android.play:core:1.7.2] AndroidManifest.xml:13:5-226
42            android:name="com.google.android.play.core.common.PlayCoreDialogWrapperActivity"
42-->[com.google.android.play:core:1.7.2] AndroidManifest.xml:13:15-95
43            android:enabled="false"
43-->[com.google.android.play:core:1.7.2] AndroidManifest.xml:13:96-119
44            android:exported="false"
44-->[com.google.android.play:core:1.7.2] AndroidManifest.xml:13:120-144
45            android:stateNotNeeded="true"
45-->[com.google.android.play:core:1.7.2] AndroidManifest.xml:13:145-174
46            android:theme="@style/Theme.PlayCore.Transparent" /> <!-- The service will be merged into the manifest of the hosting app. -->
46-->[com.google.android.play:core:1.7.2] AndroidManifest.xml:13:175-224
47        <service
47-->[com.google.android.play:core:1.7.2] AndroidManifest.xml:16:5-145
48            android:name="com.google.android.play.core.assetpacks.AssetPackExtractionService"
48-->[com.google.android.play:core:1.7.2] AndroidManifest.xml:16:14-95
49            android:enabled="false"
49-->[com.google.android.play:core:1.7.2] AndroidManifest.xml:16:96-119
50            android:exported="true" />
50-->[com.google.android.play:core:1.7.2] AndroidManifest.xml:16:120-143
51    </application>
52
53</manifest>